0 info it worked if it ends with ok
1 verbose cli [ 'C:\\Program Files\\nodejs\\node.exe',
1 verbose cli   'C:\\Program Files\\nodejs\\node_modules\\npm\\bin\\npm-cli.js',
1 verbose cli   'install',
1 verbose cli   'net-ping' ]
2 info using npm@3.10.10
3 info using node@v6.11.2
4 silly loadCurrentTree Starting
5 silly install loadCurrentTree
6 silly install readLocalPackageData
7 silly fetchPackageMetaData net-ping
8 silly fetchNamedPackageData net-ping
9 silly mapToRegistry name net-ping
10 silly mapToRegistry using default registry
11 silly mapToRegistry registry https://registry.npmjs.org/
12 silly mapToRegistry data Result {
12 silly mapToRegistry   raw: 'net-ping',
12 silly mapToRegistry   scope: null,
12 silly mapToRegistry   escapedName: 'net-ping',
12 silly mapToRegistry   name: 'net-ping',
12 silly mapToRegistry   rawSpec: '',
12 silly mapToRegistry   spec: 'latest',
12 silly mapToRegistry   type: 'tag' }
13 silly mapToRegistry uri https://registry.npmjs.org/net-ping
14 verbose request uri https://registry.npmjs.org/net-ping
15 verbose request no auth needed
16 info attempt registry request try #1 at 10:33:37 AM
17 verbose request id bd99da8abafd7699
18 http request GET https://registry.npmjs.org/net-ping
19 http 200 https://registry.npmjs.org/net-ping
20 verbose headers { server: 'nginx/1.10.1',
20 verbose headers   'content-type': 'application/json',
20 verbose headers   'last-modified': 'Fri, 14 Jul 2017 18:42:51 GMT',
20 verbose headers   etag: 'W/"596910ab-9a3d"',
20 verbose headers   'content-encoding': 'gzip',
20 verbose headers   'cache-control': 'max-age=300',
20 verbose headers   'content-length': '8643',
20 verbose headers   'accept-ranges': 'bytes',
20 verbose headers   date: 'Sun, 27 Aug 2017 09:33:36 GMT',
20 verbose headers   via: '1.1 varnish',
20 verbose headers   age: '0',
20 verbose headers   connection: 'keep-alive',
20 verbose headers   'x-served-by': 'cache-lhr6321-LHR',
20 verbose headers   'x-cache': 'MISS',
20 verbose headers   'x-cache-hits': '0',
20 verbose headers   'x-timer': 'S1503826416.903134,VS0,VE347',
20 verbose headers   vary: 'Accept-Encoding, Accept' }
21 silly get cb [ 200,
21 silly get   { server: 'nginx/1.10.1',
21 silly get     'content-type': 'application/json',
21 silly get     'last-modified': 'Fri, 14 Jul 2017 18:42:51 GMT',
21 silly get     etag: 'W/"596910ab-9a3d"',
21 silly get     'content-encoding': 'gzip',
21 silly get     'cache-control': 'max-age=300',
21 silly get     'content-length': '8643',
21 silly get     'accept-ranges': 'bytes',
21 silly get     date: 'Sun, 27 Aug 2017 09:33:36 GMT',
21 silly get     via: '1.1 varnish',
21 silly get     age: '0',
21 silly get     connection: 'keep-alive',
21 silly get     'x-served-by': 'cache-lhr6321-LHR',
21 silly get     'x-cache': 'MISS',
21 silly get     'x-cache-hits': '0',
21 silly get     'x-timer': 'S1503826416.903134,VS0,VE347',
21 silly get     vary: 'Accept-Encoding, Accept' } ]
22 verbose get saving net-ping to C:\Users\micro\AppData\Roaming\npm-cache\registry.npmjs.org\net-ping\.cache.json
23 verbose correctMkdir C:\Users\micro\AppData\Roaming\npm-cache correctMkdir not in flight; initializing
24 silly install normalizeTree
25 silly loadCurrentTree Finishing
26 silly loadIdealTree Starting
27 silly install loadIdealTree
28 silly cloneCurrentTree Starting
29 silly install cloneCurrentTreeToIdealTree
30 silly cloneCurrentTree Finishing
31 silly loadShrinkwrap Starting
32 silly install loadShrinkwrap
33 silly loadShrinkwrap Finishing
34 silly loadAllDepsIntoIdealTree Starting
35 silly install loadAllDepsIntoIdealTree
36 silly resolveWithNewModule net-ping@1.2.1 checking installable status
37 silly cache add args [ 'net-ping', null ]
38 verbose cache add spec net-ping
39 silly cache add parsed spec Result {
39 silly cache add   raw: 'net-ping',
39 silly cache add   scope: null,
39 silly cache add   escapedName: 'net-ping',
39 silly cache add   name: 'net-ping',
39 silly cache add   rawSpec: '',
39 silly cache add   spec: 'latest',
39 silly cache add   type: 'tag' }
40 silly addNamed net-ping@latest
41 verbose addNamed "latest" is being treated as a dist-tag for net-ping
42 info addNameTag [ 'net-ping', 'latest' ]
43 silly mapToRegistry name net-ping
44 silly mapToRegistry using default registry
45 silly mapToRegistry registry https://registry.npmjs.org/
46 silly mapToRegistry data Result {
46 silly mapToRegistry   raw: 'net-ping',
46 silly mapToRegistry   scope: null,
46 silly mapToRegistry   escapedName: 'net-ping',
46 silly mapToRegistry   name: 'net-ping',
46 silly mapToRegistry   rawSpec: '',
46 silly mapToRegistry   spec: 'latest',
46 silly mapToRegistry   type: 'tag' }
47 silly mapToRegistry uri https://registry.npmjs.org/net-ping
48 verbose addNameTag registry:https://registry.npmjs.org/net-ping not in flight; fetching
49 verbose get https://registry.npmjs.org/net-ping not expired, no request
50 silly addNameTag next cb for net-ping with tag latest
51 silly addNamed net-ping@1.2.1
52 verbose addNamed "1.2.1" is a plain semver version for net-ping
53 silly mapToRegistry name net-ping
54 silly mapToRegistry using default registry
55 silly mapToRegistry registry https://registry.npmjs.org/
56 silly mapToRegistry data Result {
56 silly mapToRegistry   raw: 'net-ping',
56 silly mapToRegistry   scope: null,
56 silly mapToRegistry   escapedName: 'net-ping',
56 silly mapToRegistry   name: 'net-ping',
56 silly mapToRegistry   rawSpec: '',
56 silly mapToRegistry   spec: 'latest',
56 silly mapToRegistry   type: 'tag' }
57 silly mapToRegistry uri https://registry.npmjs.org/net-ping
58 verbose addRemoteTarball https://registry.npmjs.org/net-ping/-/net-ping-1.2.1.tgz not in flight; adding
59 verbose addRemoteTarball [ 'https://registry.npmjs.org/net-ping/-/net-ping-1.2.1.tgz',
59 verbose addRemoteTarball   '6331265ac6c9edac98d48d07101b5af8308eabf5' ]
60 info retry fetch attempt 1 at 10:33:38 AM
61 info attempt registry request try #1 at 10:33:38 AM
62 http fetch GET https://registry.npmjs.org/net-ping/-/net-ping-1.2.1.tgz
63 http fetch 200 https://registry.npmjs.org/net-ping/-/net-ping-1.2.1.tgz
64 silly fetchAndShaCheck shasum 6331265ac6c9edac98d48d07101b5af8308eabf5
65 verbose addTmpTarball C:\Users\micro\AppData\Local\Temp\npm-9080-44deecfd\registry.npmjs.org\net-ping\-\net-ping-1.2.1.tgz not in flight; adding
66 verbose addTmpTarball already have metadata; skipping unpack for net-ping@1.2.1
67 verbose correctMkdir C:\Users\micro\AppData\Roaming\npm-cache correctMkdir not in flight; initializing
68 silly cache afterAdd net-ping@1.2.1
69 verbose afterAdd C:\Users\micro\AppData\Roaming\npm-cache\net-ping\1.2.1\package\package.json not in flight; writing
70 verbose correctMkdir C:\Users\micro\AppData\Roaming\npm-cache correctMkdir not in flight; initializing
71 verbose afterAdd C:\Users\micro\AppData\Roaming\npm-cache\net-ping\1.2.1\package\package.json written
72 silly fetchNamedPackageData raw-socket
73 silly mapToRegistry name raw-socket
74 silly mapToRegistry using default registry
75 silly mapToRegistry registry https://registry.npmjs.org/
76 silly mapToRegistry data Result {
76 silly mapToRegistry   raw: 'raw-socket',
76 silly mapToRegistry   scope: null,
76 silly mapToRegistry   escapedName: 'raw-socket',
76 silly mapToRegistry   name: 'raw-socket',
76 silly mapToRegistry   rawSpec: '',
76 silly mapToRegistry   spec: 'latest',
76 silly mapToRegistry   type: 'tag' }
77 silly mapToRegistry uri https://registry.npmjs.org/raw-socket
78 verbose request uri https://registry.npmjs.org/raw-socket
79 verbose request no auth needed
80 info attempt registry request try #1 at 10:33:38 AM
81 http request GET https://registry.npmjs.org/raw-socket
82 http 200 https://registry.npmjs.org/raw-socket
83 verbose headers { server: 'nginx/1.10.1',
83 verbose headers   'content-type': 'application/json',
83 verbose headers   'last-modified': 'Tue, 08 Aug 2017 23:25:09 GMT',
83 verbose headers   etag: 'W/"598a4855-c564"',
83 verbose headers   'content-encoding': 'gzip',
83 verbose headers   'cache-control': 'max-age=300',
83 verbose headers   'content-length': '10579',
83 verbose headers   'accept-ranges': 'bytes',
83 verbose headers   date: 'Sun, 27 Aug 2017 09:33:36 GMT',
83 verbose headers   via: '1.1 varnish',
83 verbose headers   age: '0',
83 verbose headers   connection: 'keep-alive',
83 verbose headers   'x-served-by': 'cache-lhr6321-LHR',
83 verbose headers   'x-cache': 'MISS',
83 verbose headers   'x-cache-hits': '0',
83 verbose headers   'x-timer': 'S1503826416.335122,VS0,VE337',
83 verbose headers   vary: 'Accept-Encoding, Accept' }
84 silly get cb [ 200,
84 silly get   { server: 'nginx/1.10.1',
84 silly get     'content-type': 'application/json',
84 silly get     'last-modified': 'Tue, 08 Aug 2017 23:25:09 GMT',
84 silly get     etag: 'W/"598a4855-c564"',
84 silly get     'content-encoding': 'gzip',
84 silly get     'cache-control': 'max-age=300',
84 silly get     'content-length': '10579',
84 silly get     'accept-ranges': 'bytes',
84 silly get     date: 'Sun, 27 Aug 2017 09:33:36 GMT',
84 silly get     via: '1.1 varnish',
84 silly get     age: '0',
84 silly get     connection: 'keep-alive',
84 silly get     'x-served-by': 'cache-lhr6321-LHR',
84 silly get     'x-cache': 'MISS',
84 silly get     'x-cache-hits': '0',
84 silly get     'x-timer': 'S1503826416.335122,VS0,VE337',
84 silly get     vary: 'Accept-Encoding, Accept' } ]
85 verbose get saving raw-socket to C:\Users\micro\AppData\Roaming\npm-cache\registry.npmjs.org\raw-socket\.cache.json
86 verbose correctMkdir C:\Users\micro\AppData\Roaming\npm-cache correctMkdir not in flight; initializing
87 silly resolveWithNewModule raw-socket@1.5.1 checking installable status
88 silly cache add args [ 'raw-socket@*', null ]
89 verbose cache add spec raw-socket@*
90 silly cache add parsed spec Result {
90 silly cache add   raw: 'raw-socket@*',
90 silly cache add   scope: null,
90 silly cache add   escapedName: 'raw-socket',
90 silly cache add   name: 'raw-socket',
90 silly cache add   rawSpec: '*',
90 silly cache add   spec: '*',
90 silly cache add   type: 'range' }
91 silly addNamed raw-socket@*
92 verbose addNamed "*" is a valid semver range for raw-socket
93 silly addNameRange { name: 'raw-socket', range: '*', hasData: false }
94 silly mapToRegistry name raw-socket
95 silly mapToRegistry using default registry
96 silly mapToRegistry registry https://registry.npmjs.org/
97 silly mapToRegistry data Result {
97 silly mapToRegistry   raw: 'raw-socket',
97 silly mapToRegistry   scope: null,
97 silly mapToRegistry   escapedName: 'raw-socket',
97 silly mapToRegistry   name: 'raw-socket',
97 silly mapToRegistry   rawSpec: '',
97 silly mapToRegistry   spec: 'latest',
97 silly mapToRegistry   type: 'tag' }
98 silly mapToRegistry uri https://registry.npmjs.org/raw-socket
99 verbose addNameRange registry:https://registry.npmjs.org/raw-socket not in flight; fetching
100 verbose get https://registry.npmjs.org/raw-socket not expired, no request
101 silly addNameRange number 2 { name: 'raw-socket', range: '*', hasData: true }
102 silly addNameRange versions [ 'raw-socket',
102 silly addNameRange   [ '1.0.0',
102 silly addNameRange     '1.0.1',
102 silly addNameRange     '1.0.2',
102 silly addNameRange     '1.1.0',
102 silly addNameRange     '1.1.1',
102 silly addNameRange     '1.1.2',
102 silly addNameRange     '1.1.3',
102 silly addNameRange     '1.1.4',
102 silly addNameRange     '1.1.5',
102 silly addNameRange     '1.1.6',
102 silly addNameRange     '1.1.7',
102 silly addNameRange     '1.2.0',
102 silly addNameRange     '1.2.1',
102 silly addNameRange     '1.2.2',
102 silly addNameRange     '1.3.0',
102 silly addNameRange     '1.3.1',
102 silly addNameRange     '1.3.2',
102 silly addNameRange     '1.3.3',
102 silly addNameRange     '1.4.0',
102 silly addNameRange     '1.5.0',
102 silly addNameRange     '1.5.1' ] ]
103 silly addNamed raw-socket@1.5.1
104 verbose addNamed "1.5.1" is a plain semver version for raw-socket
105 silly mapToRegistry name raw-socket
106 silly mapToRegistry using default registry
107 silly mapToRegistry registry https://registry.npmjs.org/
108 silly mapToRegistry data Result {
108 silly mapToRegistry   raw: 'raw-socket',
108 silly mapToRegistry   scope: null,
108 silly mapToRegistry   escapedName: 'raw-socket',
108 silly mapToRegistry   name: 'raw-socket',
108 silly mapToRegistry   rawSpec: '',
108 silly mapToRegistry   spec: 'latest',
108 silly mapToRegistry   type: 'tag' }
109 silly mapToRegistry uri https://registry.npmjs.org/raw-socket
110 verbose addRemoteTarball https://registry.npmjs.org/raw-socket/-/raw-socket-1.5.1.tgz not in flight; adding
111 verbose addRemoteTarball [ 'https://registry.npmjs.org/raw-socket/-/raw-socket-1.5.1.tgz',
111 verbose addRemoteTarball   'a85466c7984c0f0c3842ee562dc61b9873977528' ]
112 info retry fetch attempt 1 at 10:33:38 AM
113 info attempt registry request try #1 at 10:33:38 AM
114 http fetch GET https://registry.npmjs.org/raw-socket/-/raw-socket-1.5.1.tgz
115 http fetch 200 https://registry.npmjs.org/raw-socket/-/raw-socket-1.5.1.tgz
116 silly fetchAndShaCheck shasum a85466c7984c0f0c3842ee562dc61b9873977528
117 verbose addTmpTarball C:\Users\micro\AppData\Local\Temp\npm-9080-44deecfd\registry.npmjs.org\raw-socket\-\raw-socket-1.5.1.tgz not in flight; adding
118 verbose addTmpTarball already have metadata; skipping unpack for raw-socket@1.5.1
119 verbose correctMkdir C:\Users\micro\AppData\Roaming\npm-cache correctMkdir not in flight; initializing
120 silly cache afterAdd raw-socket@1.5.1
121 verbose afterAdd C:\Users\micro\AppData\Roaming\npm-cache\raw-socket\1.5.1\package\package.json not in flight; writing
122 verbose correctMkdir C:\Users\micro\AppData\Roaming\npm-cache correctMkdir not in flight; initializing
123 verbose afterAdd C:\Users\micro\AppData\Roaming\npm-cache\raw-socket\1.5.1\package\package.json written
124 silly fetchNamedPackageData nan
125 silly mapToRegistry name nan
126 silly mapToRegistry using default registry
127 silly mapToRegistry registry https://registry.npmjs.org/
128 silly mapToRegistry data Result {
128 silly mapToRegistry   raw: 'nan',
128 silly mapToRegistry   scope: null,
128 silly mapToRegistry   escapedName: 'nan',
128 silly mapToRegistry   name: 'nan',
128 silly mapToRegistry   rawSpec: '',
128 silly mapToRegistry   spec: 'latest',
128 silly mapToRegistry   type: 'tag' }
129 silly mapToRegistry uri https://registry.npmjs.org/nan
130 verbose request uri https://registry.npmjs.org/nan
131 verbose request no auth needed
132 info attempt registry request try #1 at 10:33:38 AM
133 http request GET https://registry.npmjs.org/nan
134 http 200 https://registry.npmjs.org/nan
135 verbose headers { server: 'nginx/1.10.1',
135 verbose headers   'content-type': 'application/json',
135 verbose headers   'last-modified': 'Thu, 27 Jul 2017 17:03:33 GMT',
135 verbose headers   etag: 'W/"597a1ce5-1fa1a"',
135 verbose headers   'content-encoding': 'gzip',
135 verbose headers   'cache-control': 'max-age=300',
135 verbose headers   'content-length': '15256',
135 verbose headers   'accept-ranges': 'bytes',
135 verbose headers   date: 'Sun, 27 Aug 2017 09:33:36 GMT',
135 verbose headers   via: '1.1 varnish',
135 verbose headers   age: '121',
135 verbose headers   connection: 'keep-alive',
135 verbose headers   'x-served-by': 'cache-lhr6321-LHR',
135 verbose headers   'x-cache': 'HIT',
135 verbose headers   'x-cache-hits': '1',
135 verbose headers   'x-timer': 'S1503826417.731993,VS0,VE1',
135 verbose headers   vary: 'Accept-Encoding, Accept' }
136 silly get cb [ 200,
136 silly get   { server: 'nginx/1.10.1',
136 silly get     'content-type': 'application/json',
136 silly get     'last-modified': 'Thu, 27 Jul 2017 17:03:33 GMT',
136 silly get     etag: 'W/"597a1ce5-1fa1a"',
136 silly get     'content-encoding': 'gzip',
136 silly get     'cache-control': 'max-age=300',
136 silly get     'content-length': '15256',
136 silly get     'accept-ranges': 'bytes',
136 silly get     date: 'Sun, 27 Aug 2017 09:33:36 GMT',
136 silly get     via: '1.1 varnish',
136 silly get     age: '121',
136 silly get     connection: 'keep-alive',
136 silly get     'x-served-by': 'cache-lhr6321-LHR',
136 silly get     'x-cache': 'HIT',
136 silly get     'x-cache-hits': '1',
136 silly get     'x-timer': 'S1503826417.731993,VS0,VE1',
136 silly get     vary: 'Accept-Encoding, Accept' } ]
137 verbose get saving nan to C:\Users\micro\AppData\Roaming\npm-cache\registry.npmjs.org\nan\.cache.json
138 verbose correctMkdir C:\Users\micro\AppData\Roaming\npm-cache correctMkdir not in flight; initializing
139 silly resolveWithNewModule nan@2.3.5 checking installable status
140 silly cache add args [ 'nan@2.3.*', null ]
141 verbose cache add spec nan@2.3.*
142 silly cache add parsed spec Result {
142 silly cache add   raw: 'nan@2.3.*',
142 silly cache add   scope: null,
142 silly cache add   escapedName: 'nan',
142 silly cache add   name: 'nan',
142 silly cache add   rawSpec: '2.3.*',
142 silly cache add   spec: '>=2.3.0 <2.4.0',
142 silly cache add   type: 'range' }
143 silly addNamed nan@>=2.3.0 <2.4.0
144 verbose addNamed ">=2.3.0 <2.4.0" is a valid semver range for nan
145 silly addNameRange { name: 'nan', range: '>=2.3.0 <2.4.0', hasData: false }
146 silly mapToRegistry name nan
147 silly mapToRegistry using default registry
148 silly mapToRegistry registry https://registry.npmjs.org/
149 silly mapToRegistry data Result {
149 silly mapToRegistry   raw: 'nan',
149 silly mapToRegistry   scope: null,
149 silly mapToRegistry   escapedName: 'nan',
149 silly mapToRegistry   name: 'nan',
149 silly mapToRegistry   rawSpec: '',
149 silly mapToRegistry   spec: 'latest',
149 silly mapToRegistry   type: 'tag' }
150 silly mapToRegistry uri https://registry.npmjs.org/nan
151 verbose addNameRange registry:https://registry.npmjs.org/nan not in flight; fetching
152 verbose get https://registry.npmjs.org/nan not expired, no request
153 silly addNameRange number 2 { name: 'nan', range: '>=2.3.0 <2.4.0', hasData: true }
154 silly addNameRange versions [ 'nan',
154 silly addNameRange   [ '0.3.0-wip',
154 silly addNameRange     '0.3.0-wip2',
154 silly addNameRange     '0.3.0',
154 silly addNameRange     '0.3.1',
154 silly addNameRange     '0.3.2',
154 silly addNameRange     '0.4.0',
154 silly addNameRange     '0.4.1',
154 silly addNameRange     '0.4.2',
154 silly addNameRange     '0.4.3',
154 silly addNameRange     '0.4.4',
154 silly addNameRange     '0.5.0',
154 silly addNameRange     '0.5.1',
154 silly addNameRange     '0.5.2',
154 silly addNameRange     '0.6.0',
154 silly addNameRange     '0.7.0',
154 silly addNameRange     '0.7.1',
154 silly addNameRange     '0.8.0',
154 silly addNameRange     '1.0.0',
154 silly addNameRange     '1.1.0',
154 silly addNameRange     '1.1.1',
154 silly addNameRange     '1.1.2',
154 silly addNameRange     '1.2.0',
154 silly addNameRange     '1.3.0',
154 silly addNameRange     '1.4.0',
154 silly addNameRange     '1.4.1',
154 silly addNameRange     '1.5.0',
154 silly addNameRange     '1.4.2',
154 silly addNameRange     '1.4.3',
154 silly addNameRange     '1.5.1',
154 silly addNameRange     '1.5.2',
154 silly addNameRange     '1.6.0',
154 silly addNameRange     '1.5.3',
154 silly addNameRange     '1.6.1',
154 silly addNameRange     '1.6.2',
154 silly addNameRange     '1.7.0',
154 silly addNameRange     '1.8.0',
154 silly addNameRange     '1.8.1',
154 silly addNameRange     '1.8.2',
154 silly addNameRange     '1.8.3',
154 silly addNameRange     '1.8.4',
154 silly addNameRange     '1.9.0',
154 silly addNameRange     '2.0.0',
154 silly addNameRange     '2.0.1',
154 silly addNameRange     '2.0.2',
154 silly addNameRange     '2.0.3',
154 silly addNameRange     '2.0.4',
154 silly addNameRange     '2.0.5',
154 silly addNameRange     '2.0.6',
154 silly addNameRange     '2.0.7',
154 silly addNameRange     '2.0.8',
154 silly addNameRange     '2.0.9',
154 silly addNameRange     '2.1.0',
154 silly addNameRange     '2.2.0',
154 silly addNameRange     '2.2.1',
154 silly addNameRange     '2.3.0',
154 silly addNameRange     '2.3.1',
154 silly addNameRange     '2.3.2',
154 silly addNameRange     '2.3.3',
154 silly addNameRange     '2.3.4',
154 silly addNameRange     '2.3.5',
154 silly addNameRange     '2.4.0',
154 silly addNameRange     '2.5.0',
154 silly addNameRange     '2.5.1',
154 silly addNameRange     '2.6.0',
154 silly addNameRange     '2.6.1',
154 silly addNameRange     '2.6.2' ] ]
155 silly addNamed nan@2.3.5
156 verbose addNamed "2.3.5" is a plain semver version for nan
157 silly mapToRegistry name nan
158 silly mapToRegistry using default registry
159 silly mapToRegistry registry https://registry.npmjs.org/
160 silly mapToRegistry data Result {
160 silly mapToRegistry   raw: 'nan',
160 silly mapToRegistry   scope: null,
160 silly mapToRegistry   escapedName: 'nan',
160 silly mapToRegistry   name: 'nan',
160 silly mapToRegistry   rawSpec: '',
160 silly mapToRegistry   spec: 'latest',
160 silly mapToRegistry   type: 'tag' }
161 silly mapToRegistry uri https://registry.npmjs.org/nan
162 verbose addRemoteTarball https://registry.npmjs.org/nan/-/nan-2.3.5.tgz not in flight; adding
163 verbose addRemoteTarball [ 'https://registry.npmjs.org/nan/-/nan-2.3.5.tgz',
163 verbose addRemoteTarball   '822a0dc266290ce4cd3a12282ca3e7e364668a08' ]
164 info retry fetch attempt 1 at 10:33:38 AM
165 info attempt registry request try #1 at 10:33:38 AM
166 http fetch GET https://registry.npmjs.org/nan/-/nan-2.3.5.tgz
167 http fetch 200 https://registry.npmjs.org/nan/-/nan-2.3.5.tgz
168 silly fetchAndShaCheck shasum 822a0dc266290ce4cd3a12282ca3e7e364668a08
169 verbose addTmpTarball C:\Users\micro\AppData\Local\Temp\npm-9080-44deecfd\registry.npmjs.org\nan\-\nan-2.3.5.tgz not in flight; adding
170 verbose addTmpTarball already have metadata; skipping unpack for nan@2.3.5
171 verbose correctMkdir C:\Users\micro\AppData\Roaming\npm-cache correctMkdir not in flight; initializing
172 silly cache afterAdd nan@2.3.5
173 verbose afterAdd C:\Users\micro\AppData\Roaming\npm-cache\nan\2.3.5\package\package.json not in flight; writing
174 verbose correctMkdir C:\Users\micro\AppData\Roaming\npm-cache correctMkdir not in flight; initializing
175 verbose afterAdd C:\Users\micro\AppData\Roaming\npm-cache\nan\2.3.5\package\package.json written
176 silly loadAllDepsIntoIdealTree Finishing
177 silly loadIdealTree Finishing
178 silly currentTree UpDNS
178 silly currentTree +-- bunyan@0.7.0
178 silly currentTree +-- coffee-script@1.12.7
178 silly currentTree +-- ipaddr.js@0.1.1
178 silly currentTree `-- node-named@0.0.1
179 silly idealTree UpDNS
179 silly idealTree +-- bunyan@0.7.0
179 silly idealTree +-- coffee-script@1.12.7
179 silly idealTree +-- ipaddr.js@0.1.1
179 silly idealTree +-- nan@2.3.5
179 silly idealTree +-- net-ping@1.2.1
179 silly idealTree +-- node-named@0.0.1
179 silly idealTree `-- raw-socket@1.5.1
180 silly generateActionsToTake Starting
181 silly install generateActionsToTake
182 silly generateActionsToTake Finishing
183 silly diffTrees action count 3
184 silly diffTrees add nan@2.3.5
185 silly diffTrees add raw-socket@1.5.1
186 silly diffTrees add net-ping@1.2.1
187 silly decomposeActions action count 24
188 silly decomposeActions fetch nan@2.3.5
189 silly decomposeActions extract nan@2.3.5
190 silly decomposeActions test nan@2.3.5
191 silly decomposeActions preinstall nan@2.3.5
192 silly decomposeActions build nan@2.3.5
193 silly decomposeActions install nan@2.3.5
194 silly decomposeActions postinstall nan@2.3.5
195 silly decomposeActions finalize nan@2.3.5
196 silly decomposeActions fetch raw-socket@1.5.1
197 silly decomposeActions extract raw-socket@1.5.1
198 silly decomposeActions test raw-socket@1.5.1
199 silly decomposeActions preinstall raw-socket@1.5.1
200 silly decomposeActions build raw-socket@1.5.1
201 silly decomposeActions install raw-socket@1.5.1
202 silly decomposeActions postinstall raw-socket@1.5.1
203 silly decomposeActions finalize raw-socket@1.5.1
204 silly decomposeActions fetch net-ping@1.2.1
205 silly decomposeActions extract net-ping@1.2.1
206 silly decomposeActions test net-ping@1.2.1
207 silly decomposeActions preinstall net-ping@1.2.1
208 silly decomposeActions build net-ping@1.2.1
209 silly decomposeActions install net-ping@1.2.1
210 silly decomposeActions postinstall net-ping@1.2.1
211 silly decomposeActions finalize net-ping@1.2.1
212 silly runTopLevelLifecycles Starting
213 silly executeActions Starting
214 silly install executeActions
215 silly doSerial global-install 0
216 silly doParallel fetch 3
217 verbose correctMkdir C:\Users\micro\AppData\Roaming\npm-cache\_locks correctMkdir not in flight; initializing
218 verbose lock using C:\Users\micro\AppData\Roaming\npm-cache\_locks\staging-4a638d701a633848.lock for D:\Development\UpDNS\node_modules\.staging
219 silly doParallel extract 3
220 silly extract nan@2.3.5
221 silly extract raw-socket@1.5.1
222 silly extract net-ping@1.2.1
223 verbose unbuild node_modules\.staging\net-ping-6bc05389
224 verbose unbuild node_modules\.staging\nan-de9865c5
225 verbose unbuild node_modules\.staging\raw-socket-ce46753f
226 silly gentlyRm D:\Development\UpDNS\node_modules\.staging\net-ping-6bc05389 is being purged from base D:\Development\UpDNS
227 verbose gentlyRm don't care about contents; nuking D:\Development\UpDNS\node_modules\.staging\net-ping-6bc05389
228 silly gentlyRm D:\Development\UpDNS\node_modules\.staging\nan-de9865c5 is being purged from base D:\Development\UpDNS
229 verbose gentlyRm don't care about contents; nuking D:\Development\UpDNS\node_modules\.staging\nan-de9865c5
230 silly gentlyRm D:\Development\UpDNS\node_modules\.staging\raw-socket-ce46753f is being purged from base D:\Development\UpDNS
231 verbose gentlyRm don't care about contents; nuking D:\Development\UpDNS\node_modules\.staging\raw-socket-ce46753f
232 verbose tar unpack C:\Users\micro\AppData\Roaming\npm-cache\net-ping\1.2.1\package.tgz
233 verbose tar unpacking to D:\Development\UpDNS\node_modules\.staging\net-ping-6bc05389
234 silly gentlyRm D:\Development\UpDNS\node_modules\.staging\net-ping-6bc05389 is being purged
235 verbose gentlyRm don't care about contents; nuking D:\Development\UpDNS\node_modules\.staging\net-ping-6bc05389
236 verbose tar unpack C:\Users\micro\AppData\Roaming\npm-cache\nan\2.3.5\package.tgz
237 verbose tar unpacking to D:\Development\UpDNS\node_modules\.staging\nan-de9865c5
238 silly gentlyRm D:\Development\UpDNS\node_modules\.staging\nan-de9865c5 is being purged
239 verbose gentlyRm don't care about contents; nuking D:\Development\UpDNS\node_modules\.staging\nan-de9865c5
240 verbose tar unpack C:\Users\micro\AppData\Roaming\npm-cache\raw-socket\1.5.1\package.tgz
241 verbose tar unpacking to D:\Development\UpDNS\node_modules\.staging\raw-socket-ce46753f
242 silly gentlyRm D:\Development\UpDNS\node_modules\.staging\raw-socket-ce46753f is being purged
243 verbose gentlyRm don't care about contents; nuking D:\Development\UpDNS\node_modules\.staging\raw-socket-ce46753f
244 silly gunzTarPerm modes [ '777', '666' ]
245 silly gunzTarPerm modes [ '777', '666' ]
246 silly gunzTarPerm modes [ '777', '666' ]
247 silly gunzTarPerm extractEntry package.json
248 silly gunzTarPerm modified mode [ 'package.json', 436, 438 ]
249 silly gunzTarPerm extractEntry package.json
250 silly gunzTarPerm modified mode [ 'package.json', 436, 438 ]
251 silly gunzTarPerm extractEntry package.json
252 silly gunzTarPerm modified mode [ 'package.json', 436, 438 ]
253 silly gunzTarPerm extractEntry .npmignore
254 silly gunzTarPerm modified mode [ '.npmignore', 436, 438 ]
255 silly gunzTarPerm extractEntry README.md
256 silly gunzTarPerm modified mode [ 'README.md', 436, 438 ]
257 silly gunzTarPerm extractEntry .npmignore
258 silly gunzTarPerm modified mode [ '.npmignore', 436, 438 ]
259 silly gunzTarPerm extractEntry README.md
260 silly gunzTarPerm modified mode [ 'README.md', 436, 438 ]
261 silly gunzTarPerm extractEntry README.md
262 silly gunzTarPerm modified mode [ 'README.md', 436, 438 ]
263 silly gunzTarPerm extractEntry include_dirs.js
264 silly gunzTarPerm modified mode [ 'include_dirs.js', 436, 438 ]
265 silly gunzTarPerm extractEntry index.js
266 silly gunzTarPerm modified mode [ 'index.js', 436, 438 ]
267 silly gunzTarPerm extractEntry index.js
268 silly gunzTarPerm modified mode [ 'index.js', 436, 438 ]
269 silly gunzTarPerm extractEntry nan_converters.h
270 silly gunzTarPerm modified mode [ 'nan_converters.h', 436, 438 ]
271 silly gunzTarPerm extractEntry LICENSE.md
272 silly gunzTarPerm modified mode [ 'LICENSE.md', 436, 438 ]
273 silly gunzTarPerm extractEntry doc/node_misc.md
274 silly gunzTarPerm modified mode [ 'doc/node_misc.md', 436, 438 ]
275 silly gunzTarPerm extractEntry doc/asyncworker.md
276 silly gunzTarPerm modified mode [ 'doc/asyncworker.md', 436, 438 ]
277 silly gunzTarPerm extractEntry binding.gyp
278 silly gunzTarPerm modified mode [ 'binding.gyp', 436, 438 ]
279 silly gunzTarPerm extractEntry example/create-checksum.js
280 silly gunzTarPerm modified mode [ 'example/create-checksum.js', 436, 438 ]
281 silly gunzTarPerm extractEntry example/htonl.js
282 silly gunzTarPerm modified mode [ 'example/htonl.js', 436, 438 ]
283 silly gunzTarPerm extractEntry example/ping-packet-size.js
284 silly gunzTarPerm modified mode [ 'example/ping-packet-size.js', 436, 438 ]
285 silly gunzTarPerm extractEntry example/ping-response-time.js
286 silly gunzTarPerm modified mode [ 'example/ping-response-time.js', 436, 438 ]
287 silly gunzTarPerm extractEntry example/ping-retries-0.js
288 silly gunzTarPerm modified mode [ 'example/ping-retries-0.js', 436, 438 ]
289 silly gunzTarPerm extractEntry example/htons.js
290 silly gunzTarPerm modified mode [ 'example/htons.js', 436, 438 ]
291 silly gunzTarPerm extractEntry example/ping-ttl.js
292 silly gunzTarPerm modified mode [ 'example/ping-ttl.js', 436, 438 ]
293 silly gunzTarPerm extractEntry doc/callback.md
294 silly gunzTarPerm modified mode [ 'doc/callback.md', 436, 438 ]
295 silly gunzTarPerm extractEntry doc/converters.md
296 silly gunzTarPerm modified mode [ 'doc/converters.md', 436, 438 ]
297 silly gunzTarPerm extractEntry example/ntohl.js
298 silly gunzTarPerm modified mode [ 'example/ntohl.js', 436, 438 ]
299 silly gunzTarPerm extractEntry example/get-option.js
300 silly gunzTarPerm modified mode [ 'example/get-option.js', 436, 438 ]
301 silly gunzTarPerm extractEntry example/ping.js
302 silly gunzTarPerm modified mode [ 'example/ping.js', 436, 438 ]
303 silly gunzTarPerm extractEntry example/ping6-ttl.js
304 silly gunzTarPerm modified mode [ 'example/ping6-ttl.js', 436, 438 ]
305 silly gunzTarPerm extractEntry doc/errors.md
306 silly gunzTarPerm modified mode [ 'doc/errors.md', 436, 438 ]
307 silly gunzTarPerm extractEntry doc/maybe_types.md
308 silly gunzTarPerm modified mode [ 'doc/maybe_types.md', 436, 438 ]
309 silly gunzTarPerm extractEntry doc/methods.md
310 silly gunzTarPerm modified mode [ 'doc/methods.md', 436, 438 ]
311 silly gunzTarPerm extractEntry doc/new.md
312 silly gunzTarPerm modified mode [ 'doc/new.md', 436, 438 ]
313 silly gunzTarPerm extractEntry example/ping6.js
314 silly gunzTarPerm modified mode [ 'example/ping6.js', 436, 438 ]
315 silly gunzTarPerm extractEntry example/trace-route-max-hop-timeouts.js
316 silly gunzTarPerm modified mode [ 'example/trace-route-max-hop-timeouts.js', 436, 438 ]
317 silly gunzTarPerm extractEntry example/ping-no-ip-header.js
318 silly gunzTarPerm modified mode [ 'example/ping-no-ip-header.js', 436, 438 ]
319 silly gunzTarPerm extractEntry example/ping-set-option-ip-ttl.js
320 silly gunzTarPerm modified mode [ 'example/ping-set-option-ip-ttl.js', 436, 438 ]
321 silly gunzTarPerm extractEntry example/ping.js
322 silly gunzTarPerm modified mode [ 'example/ping.js', 436, 438 ]
323 silly gunzTarPerm extractEntry example/ping6-no-ip-header.js
324 silly gunzTarPerm modified mode [ 'example/ping6-no-ip-header.js', 436, 438 ]
325 silly gunzTarPerm extractEntry doc/buffers.md
326 silly gunzTarPerm modified mode [ 'doc/buffers.md', 436, 438 ]
327 silly gunzTarPerm extractEntry doc/object_wrappers.md
328 silly gunzTarPerm modified mode [ 'doc/object_wrappers.md', 436, 438 ]
329 silly gunzTarPerm extractEntry example/trace-route-start-ttl.js
330 silly gunzTarPerm modified mode [ 'example/trace-route-start-ttl.js', 436, 438 ]
331 silly gunzTarPerm extractEntry example/trace-route.js
332 silly gunzTarPerm modified mode [ 'example/trace-route.js', 436, 438 ]
333 silly gunzTarPerm extractEntry example/ping6.js
334 silly gunzTarPerm modified mode [ 'example/ping6.js', 436, 438 ]
335 silly gunzTarPerm extractEntry example/ntohs.js
336 silly gunzTarPerm modified mode [ 'example/ntohs.js', 436, 438 ]
337 silly gunzTarPerm extractEntry doc/persistent.md
338 silly gunzTarPerm modified mode [ 'doc/persistent.md', 436, 438 ]
339 silly gunzTarPerm extractEntry doc/scopes.md
340 silly gunzTarPerm modified mode [ 'doc/scopes.md', 436, 438 ]
341 silly gunzTarPerm extractEntry src/raw.cc
342 silly gunzTarPerm modified mode [ 'src/raw.cc', 436, 438 ]
343 silly gunzTarPerm extractEntry src/raw.h
344 silly gunzTarPerm modified mode [ 'src/raw.h', 436, 438 ]
345 silly gunzTarPerm extractEntry doc/script.md
346 silly gunzTarPerm modified mode [ 'doc/script.md', 436, 438 ]
347 silly gunzTarPerm extractEntry doc/string_bytes.md
348 silly gunzTarPerm modified mode [ 'doc/string_bytes.md', 436, 438 ]
349 silly gunzTarPerm extractEntry doc/v8_internals.md
350 silly gunzTarPerm modified mode [ 'doc/v8_internals.md', 436, 438 ]
351 silly gunzTarPerm extractEntry doc/v8_misc.md
352 silly gunzTarPerm modified mode [ 'doc/v8_misc.md', 436, 438 ]
353 silly gunzTarPerm extractEntry nan.h
354 silly gunzTarPerm modified mode [ 'nan.h', 436, 438 ]
355 silly gunzTarPerm extractEntry nan_callbacks.h
356 silly gunzTarPerm modified mode [ 'nan_callbacks.h', 436, 438 ]
357 silly gunzTarPerm extractEntry nan_callbacks_12_inl.h
358 silly gunzTarPerm modified mode [ 'nan_callbacks_12_inl.h', 436, 438 ]
359 silly gunzTarPerm extractEntry nan_callbacks_pre_12_inl.h
360 silly gunzTarPerm modified mode [ 'nan_callbacks_pre_12_inl.h', 436, 438 ]
361 silly gunzTarPerm extractEntry nan_converters_43_inl.h
362 silly gunzTarPerm modified mode [ 'nan_converters_43_inl.h', 436, 438 ]
363 silly gunzTarPerm extractEntry nan_converters_pre_43_inl.h
364 silly gunzTarPerm modified mode [ 'nan_converters_pre_43_inl.h', 436, 438 ]
365 silly gunzTarPerm extractEntry nan_implementation_12_inl.h
366 silly gunzTarPerm modified mode [ 'nan_implementation_12_inl.h', 436, 438 ]
367 silly gunzTarPerm extractEntry nan_implementation_pre_12_inl.h
368 silly gunzTarPerm modified mode [ 'nan_implementation_pre_12_inl.h', 436, 438 ]
369 silly gunzTarPerm extractEntry nan_maybe_43_inl.h
370 silly gunzTarPerm modified mode [ 'nan_maybe_43_inl.h', 436, 438 ]
371 silly gunzTarPerm extractEntry nan_maybe_pre_43_inl.h
372 silly gunzTarPerm modified mode [ 'nan_maybe_pre_43_inl.h', 436, 438 ]
373 silly gunzTarPerm extractEntry nan_new.h
374 silly gunzTarPerm modified mode [ 'nan_new.h', 436, 438 ]
375 silly gentlyRm D:\Development\UpDNS\node_modules\.staging\net-ping-6bc05389\node_modules is being purged
376 verbose gentlyRm don't care about contents; nuking D:\Development\UpDNS\node_modules\.staging\net-ping-6bc05389\node_modules
377 silly gunzTarPerm extractEntry nan_object_wrap.h
378 silly gunzTarPerm modified mode [ 'nan_object_wrap.h', 436, 438 ]
379 silly gunzTarPerm extractEntry nan_persistent_12_inl.h
380 silly gunzTarPerm modified mode [ 'nan_persistent_12_inl.h', 436, 438 ]
381 silly gunzTarPerm extractEntry nan_persistent_pre_12_inl.h
382 silly gunzTarPerm modified mode [ 'nan_persistent_pre_12_inl.h', 436, 438 ]
383 silly gunzTarPerm extractEntry nan_string_bytes.h
384 silly gunzTarPerm modified mode [ 'nan_string_bytes.h', 436, 438 ]
385 silly gunzTarPerm extractEntry nan_typedarray_contents.h
386 silly gunzTarPerm modified mode [ 'nan_typedarray_contents.h', 436, 438 ]
387 silly gunzTarPerm extractEntry nan_weak.h
388 silly gunzTarPerm modified mode [ 'nan_weak.h', 436, 438 ]
389 silly gunzTarPerm extractEntry CHANGELOG.md
390 silly gunzTarPerm modified mode [ 'CHANGELOG.md', 436, 438 ]
391 silly gunzTarPerm extractEntry tools/package.json
392 silly gunzTarPerm modified mode [ 'tools/package.json', 436, 438 ]
393 silly gentlyRm D:\Development\UpDNS\node_modules\.staging\raw-socket-ce46753f\node_modules is being purged
394 verbose gentlyRm don't care about contents; nuking D:\Development\UpDNS\node_modules\.staging\raw-socket-ce46753f\node_modules
395 silly gunzTarPerm extractEntry tools/README.md
396 silly gunzTarPerm modified mode [ 'tools/README.md', 436, 438 ]
397 silly gunzTarPerm extractEntry tools/1to2.js
398 silly gunzTarPerm modified mode [ 'tools/1to2.js', 509, 511 ]
399 silly gentlyRm D:\Development\UpDNS\node_modules\.staging\nan-de9865c5\node_modules is being purged
400 verbose gentlyRm don't care about contents; nuking D:\Development\UpDNS\node_modules\.staging\nan-de9865c5\node_modules
401 silly doParallel preinstall 3
402 silly preinstall nan@2.3.5 D:\Development\UpDNS\node_modules\.staging\nan-de9865c5
403 info lifecycle nan@2.3.5~preinstall: nan@2.3.5
404 silly preinstall raw-socket@1.5.1 D:\Development\UpDNS\node_modules\.staging\raw-socket-ce46753f
405 info lifecycle raw-socket@1.5.1~preinstall: raw-socket@1.5.1
406 silly preinstall net-ping@1.2.1 D:\Development\UpDNS\node_modules\.staging\net-ping-6bc05389
407 info lifecycle net-ping@1.2.1~preinstall: net-ping@1.2.1
408 silly lifecycle nan@2.3.5~preinstall: no script for preinstall, continuing
409 silly lifecycle raw-socket@1.5.1~preinstall: no script for preinstall, continuing
410 silly lifecycle net-ping@1.2.1~preinstall: no script for preinstall, continuing
411 silly doReverseSerial remove 0
412 silly doSerial move 0
413 silly doSerial finalize 3
414 silly finalize D:\Development\UpDNS\node_modules\nan
415 silly finalize D:\Development\UpDNS\node_modules\raw-socket
416 silly finalize D:\Development\UpDNS\node_modules\net-ping
417 silly doSerial build 3
418 silly build nan@2.3.5
419 info linkStuff nan@2.3.5
420 silly linkStuff nan@2.3.5 has D:\Development\UpDNS\node_modules as its parent node_modules
421 verbose linkBins nan@2.3.5
422 verbose linkMans nan@2.3.5
423 silly build raw-socket@1.5.1
424 info linkStuff raw-socket@1.5.1
425 silly linkStuff raw-socket@1.5.1 has D:\Development\UpDNS\node_modules as its parent node_modules
426 verbose linkBins raw-socket@1.5.1
427 verbose linkMans raw-socket@1.5.1
428 silly build net-ping@1.2.1
429 info linkStuff net-ping@1.2.1
430 silly linkStuff net-ping@1.2.1 has D:\Development\UpDNS\node_modules as its parent node_modules
431 verbose linkBins net-ping@1.2.1
432 verbose linkMans net-ping@1.2.1
433 silly doSerial global-link 0
434 silly doParallel update-linked 0
435 silly doSerial install 3
436 silly install nan@2.3.5 D:\Development\UpDNS\node_modules\.staging\nan-de9865c5
437 info lifecycle nan@2.3.5~install: nan@2.3.5
438 silly lifecycle nan@2.3.5~install: no script for install, continuing
439 silly install raw-socket@1.5.1 D:\Development\UpDNS\node_modules\.staging\raw-socket-ce46753f
440 info lifecycle raw-socket@1.5.1~install: raw-socket@1.5.1
441 verbose lifecycle raw-socket@1.5.1~install: unsafe-perm in lifecycle true
442 verbose lifecycle raw-socket@1.5.1~install: PATH: C:\Program Files\nodejs\node_modules\npm\bin\node-gyp-bin;D:\Development\UpDNS\node_modules\raw-socket\node_modules\.bin;D:\Development\UpDNS\node_modules\.bin;C:\ProgramData\Oracle\Java\javapath;C:\windows\system32;C:\windows;C:\windows\System32\Wbem;C:\windows\System32\WindowsPowerShell\v1.0\;C:\Program Files (x86)\NVIDIA Corporation\PhysX\Common;C:\Program Files (x86)\GNU\GnuPG\pub;C:\HashiCorp\Vagrant\bin;C:\Program Files\Geth;C:\Program Files\Git\cmd;C:\Program Files\CMake\bin;C:\windows\system32\config\systemprofile\.dnx\bin;C:\Program Files\Microsoft DNX\Dnvm\;C:\Program Files\Microsoft SQL Server\130\Tools\Binn\;C:\Program Files (x86)\Windows Kits\10\Windows Performance Toolkit\;C:\Program Files\nodejs\;C:\Users\micro\.dnx\bin;C:\Users\micro\AppData\Local\Microsoft\WindowsApps;C:\Program Files\Docker Toolbox;C:\Program Files\Microsoft VS Code\bin;C:\Program Files\nodejs\;C:\Program Files (x86)\ISC BIND 9\bin
443 verbose lifecycle raw-socket@1.5.1~install: CWD: D:\Development\UpDNS\node_modules\raw-socket
444 silly lifecycle raw-socket@1.5.1~install: Args: [ '/d /s /c', 'node-gyp rebuild' ]
445 silly lifecycle raw-socket@1.5.1~install: Returned: code: 1  signal: null
446 info lifecycle raw-socket@1.5.1~install: Failed to exec install script
447 verbose unlock done using C:\Users\micro\AppData\Roaming\npm-cache\_locks\staging-4a638d701a633848.lock for D:\Development\UpDNS\node_modules\.staging
448 silly rollbackFailedOptional Starting
449 silly rollbackFailedOptional Finishing
450 silly runTopLevelLifecycles Finishing
451 silly install printInstalled
452 warn UpDNS No repository field.
453 verbose If you need help, you may report this error at:
453 verbose     <https://github.com/npm/npm/issues>
454 warn UpDNS No license field.
455 verbose If you need help, you may report this error at:
455 verbose     <https://github.com/npm/npm/issues>
456 verbose stack Error: raw-socket@1.5.1 install: `node-gyp rebuild`
456 verbose stack Exit status 1
456 verbose stack     at EventEmitter.<anonymous> (C:\Program Files\nodejs\node_modules\npm\lib\utils\lifecycle.js:255:16)
456 verbose stack     at emitTwo (events.js:106:13)
456 verbose stack     at EventEmitter.emit (events.js:191:7)
456 verbose stack     at ChildProcess.<anonymous> (C:\Program Files\nodejs\node_modules\npm\lib\utils\spawn.js:40:14)
456 verbose stack     at emitTwo (events.js:106:13)
456 verbose stack     at ChildProcess.emit (events.js:191:7)
456 verbose stack     at maybeClose (internal/child_process.js:891:16)
456 verbose stack     at Process.ChildProcess._handle.onexit (internal/child_process.js:226:5)
457 verbose pkgid raw-socket@1.5.1
458 verbose cwd D:\Development\UpDNS
459 error Windows_NT 10.0.14393
460 error argv "C:\\Program Files\\nodejs\\node.exe" "C:\\Program Files\\nodejs\\node_modules\\npm\\bin\\npm-cli.js" "install" "net-ping"
461 error node v6.11.2
462 error npm  v3.10.10
463 error code ELIFECYCLE
464 error raw-socket@1.5.1 install: `node-gyp rebuild`
464 error Exit status 1
465 error Failed at the raw-socket@1.5.1 install script 'node-gyp rebuild'.
465 error Make sure you have the latest version of node.js and npm installed.
465 error If you do, this is most likely a problem with the raw-socket package,
465 error not with npm itself.
465 error Tell the author that this fails on your system:
465 error     node-gyp rebuild
465 error You can get information on how to open an issue for this project with:
465 error     npm bugs raw-socket
465 error Or if that isn't available, you can get their info via:
465 error     npm owner ls raw-socket
465 error There is likely additional logging output above.
466 verbose exit [ 1, true ]
